<?xml version="1.0" encoding="UTF-8"?>
<!-- Generated by org.testng.reporters.JUnitReportReporter -->
<testsuite skipped="0" hostname="LAPTOP-CLIP7DDS" name="B2BApplication.Loginandsearch" tests="4" failures="0" timestamp="2021-05-17T14:48:48 IST" time="139.729" errors="0">
  <testcase name="Usenameandpassword" time="0.615" classname="B2BApplication.Loginandsearch"/>
  <system-out/>
  <testcase name="settings" time="15.508" classname="B2BApplication.Loginandsearch"/>
  <system-out/>
  <testcase name="Openbrowser" time="123.388" classname="B2BApplication.Loginandsearch"/>
  <system-out/>
  <testcase name="loginbutton" time="0.218" classname="B2BApplication.Loginandsearch"/>
  <system-out/>
</testsuite> <!-- B2BApplication.Loginandsearch -->
