<?xml version="1.0" encoding="UTF-8"?>
<!-- Generated by org.testng.reporters.JUnitReportReporter -->
<testsuite skipped="0" hostname="LAPTOP-CLIP7DDS" name="B2BApplication.Loginandsearch" tests="4" failures="0" timestamp="2021-05-18T22:24:21 IST" time="16.182" errors="0">
  <testcase name="Openbrowser" time="11.320" classname="B2BApplication.Loginandsearch"/>
  <system-out/>
  <testcase name="settings" time="4.394" classname="B2BApplication.Loginandsearch"/>
  <system-out/>
  <testcase name="loginbutton" time="0.168" classname="B2BApplication.Loginandsearch"/>
  <system-out/>
  <testcase name="Usenameandpassword" time="0.300" classname="B2BApplication.Loginandsearch"/>
  <system-out/>
</testsuite> <!-- B2BApplication.Loginandsearch -->
