<?xml version="1.0" encoding="UTF-8"?>
<!-- Generated by org.testng.reporters.JUnitReportReporter -->
<testsuite skipped="0" hostname="LAPTOP-CLIP7DDS" name="B2BApplication.Loginandsearch" tests="4" failures="0" timestamp="2021-05-16T15:56:49 IST" time="36.691" errors="0">
  <testcase name="loginbutton" time="0.150" classname="B2BApplication.Loginandsearch"/>
  <system-out/>
  <testcase name="settings" time="20.176" classname="B2BApplication.Loginandsearch"/>
  <system-out/>
  <testcase name="Usenameandpassword" time="0.349" classname="B2BApplication.Loginandsearch"/>
  <system-out/>
  <testcase name="Openbrowser" time="16.016" classname="B2BApplication.Loginandsearch"/>
  <system-out/>
</testsuite> <!-- B2BApplication.Loginandsearch -->
